<?xml version="1.0" encoding="UTF-8"?>
<testsuite name="Тесты для метода POST /pet" tests="2" skipped="0" failures="0" errors="0" timestamp="2024-06-20T11:36:32" hostname="WIN-I9M0GB02MA1" time="1.564">
  <properties/>
  <testcase name="Тест проверки метода POST /pet с кодом 200" classname="tests.pet_tests.PostPetTests" time="1.064"/>
  <testcase name="Тест проверки метода POST /pet с кодом 400" classname="tests.pet_tests.PostPetTests" time="0.499"/>
  <system-out><![CDATA[]]></system-out>
  <system-err><![CDATA[]]></system-err>
</testsuite>
