<?xml version="1.0" encoding="UTF-8"?>
<testsuite name="Тесты для метода DELETE /pet/{pet_id}" tests="2" skipped="0" failures="0" errors="0" timestamp="2024-06-20T11:36:25" hostname="WIN-I9M0GB02MA1" time="2.911">
  <properties/>
  <testcase name="Тест проверки метода DELETE /pet/{pet_id} с кодом 200" classname="tests.pet_tests.DeletePetTests" time="2.387"/>
  <testcase name="Тест проверки метода DELETE /pet/{pet_id} с кодом 404" classname="tests.pet_tests.DeletePetTests" time="0.522"/>
  <system-out><![CDATA[]]></system-out>
  <system-err><![CDATA[]]></system-err>
</testsuite>
